libGL error: No matching fbConfigs or visuals found
libGL error: failed to load driver: swrast
/apps/jasmin/jaspy/miniconda_envs/jaspy3.7/m3-4.9.2/envs/jaspy3.7-m3-4.9.2-r20210320/lib/python3.7/site-packages/iris/fileformats/rules.py:334: UserWarning: Unable to create instance of HybridHeightFactory. The source data contains no field(s) for 'orography'.
  warnings.warn(msg.format(factory=factory_name))
/apps/jasmin/jaspy/miniconda_envs/jaspy3.7/m3-4.9.2/envs/jaspy3.7-m3-4.9.2-r20210320/lib/python3.7/site-packages/iris/fileformats/rules.py:334: UserWarning: Unable to create instance of HybridHeightFactory. The source data contains no field(s) for 'orography'.
  warnings.warn(msg.format(factory=factory_name))
/apps/jasmin/jaspy/miniconda_envs/jaspy3.7/m3-4.9.2/envs/jaspy3.7-m3-4.9.2-r20210320/lib/python3.7/site-packages/iris/fileformats/rules.py:334: UserWarning: Unable to create instance of HybridHeightFactory. The source data contains no field(s) for 'orography'.
  warnings.warn(msg.format(factory=factory_name))
/apps/jasmin/jaspy/miniconda_envs/jaspy3.7/m3-4.9.2/envs/jaspy3.7-m3-4.9.2-r20210320/lib/python3.7/site-packages/iris/fileformats/rules.py:334: UserWarning: Unable to create instance of HybridHeightFactory. The source data contains no field(s) for 'orography'.
  warnings.warn(msg.format(factory=factory_name))
/apps/jasmin/jaspy/miniconda_envs/jaspy3.7/m3-4.9.2/envs/jaspy3.7-m3-4.9.2-r20210320/lib/python3.7/site-packages/iris/fileformats/rules.py:334: UserWarning: Unable to create instance of HybridHeightFactory. The source data contains no field(s) for 'orography'.
  warnings.warn(msg.format(factory=factory_name))
/apps/jasmin/jaspy/miniconda_envs/jaspy3.7/m3-4.9.2/envs/jaspy3.7-m3-4.9.2-r20210320/lib/python3.7/site-packages/iris/fileformats/rules.py:334: UserWarning: Unable to create instance of HybridHeightFactory. The source data contains no field(s) for 'orography'.
  warnings.warn(msg.format(factory=factory_name))
/apps/jasmin/jaspy/miniconda_envs/jaspy3.7/m3-4.9.2/envs/jaspy3.7-m3-4.9.2-r20210320/lib/python3.7/site-packages/iris/fileformats/rules.py:334: UserWarning: Unable to create instance of HybridHeightFactory. The source data contains no field(s) for 'orography'.
  warnings.warn(msg.format(factory=factory_name))
/apps/jasmin/jaspy/miniconda_envs/jaspy3.7/m3-4.9.2/envs/jaspy3.7-m3-4.9.2-r20210320/lib/python3.7/site-packages/iris/fileformats/rules.py:334: UserWarning: Unable to create instance of HybridHeightFactory. The source data contains no field(s) for 'orography'.
  warnings.warn(msg.format(factory=factory_name))
/apps/jasmin/jaspy/miniconda_envs/jaspy3.7/m3-4.9.2/envs/jaspy3.7-m3-4.9.2-r20210320/lib/python3.7/site-packages/iris/fileformats/rules.py:334: UserWarning: Unable to create instance of HybridHeightFactory. The source data contains no field(s) for 'orography'.
  warnings.warn(msg.format(factory=factory_name))
/apps/jasmin/jaspy/miniconda_envs/jaspy3.7/m3-4.9.2/envs/jaspy3.7-m3-4.9.2-r20210320/lib/python3.7/site-packages/iris/fileformats/rules.py:334: UserWarning: Unable to create instance of HybridHeightFactory. The source data contains no field(s) for 'orography'.
  warnings.warn(msg.format(factory=factory_name))
/apps/jasmin/jaspy/miniconda_envs/jaspy3.7/m3-4.9.2/envs/jaspy3.7-m3-4.9.2-r20210320/lib/python3.7/site-packages/iris/fileformats/rules.py:334: UserWarning: Unable to create instance of HybridHeightFactory. The source data contains no field(s) for 'orography'.
  warnings.warn(msg.format(factory=factory_name))
/apps/jasmin/jaspy/miniconda_envs/jaspy3.7/m3-4.9.2/envs/jaspy3.7-m3-4.9.2-r20210320/lib/python3.7/site-packages/iris/fileformats/rules.py:334: UserWarning: Unable to create instance of HybridHeightFactory. The source data contains no field(s) for 'orography'.
  warnings.warn(msg.format(factory=factory_name))
/apps/jasmin/jaspy/miniconda_envs/jaspy3.7/m3-4.9.2/envs/jaspy3.7-m3-4.9.2-r20210320/lib/python3.7/site-packages/iris/fileformats/rules.py:334: UserWarning: Unable to create instance of HybridHeightFactory. The source data contains no field(s) for 'orography'.
  warnings.warn(msg.format(factory=factory_name))
/apps/jasmin/jaspy/miniconda_envs/jaspy3.7/m3-4.9.2/envs/jaspy3.7-m3-4.9.2-r20210320/lib/python3.7/site-packages/iris/fileformats/rules.py:334: UserWarning: Unable to create instance of HybridHeightFactory. The source data contains no field(s) for 'orography'.
  warnings.warn(msg.format(factory=factory_name))
/apps/jasmin/jaspy/miniconda_envs/jaspy3.7/m3-4.9.2/envs/jaspy3.7-m3-4.9.2-r20210320/lib/python3.7/site-packages/iris/fileformats/rules.py:334: UserWarning: Unable to create instance of HybridHeightFactory. The source data contains no field(s) for 'orography'.
  warnings.warn(msg.format(factory=factory_name))
/apps/jasmin/jaspy/miniconda_envs/jaspy3.7/m3-4.9.2/envs/jaspy3.7-m3-4.9.2-r20210320/lib/python3.7/site-packages/iris/fileformats/rules.py:334: UserWarning: Unable to create instance of HybridHeightFactory. The source data contains no field(s) for 'orography'.
  warnings.warn(msg.format(factory=factory_name))
/apps/jasmin/jaspy/miniconda_envs/jaspy3.7/m3-4.9.2/envs/jaspy3.7-m3-4.9.2-r20210320/lib/python3.7/site-packages/iris/fileformats/rules.py:334: UserWarning: Unable to create instance of HybridHeightFactory. The source data contains no field(s) for 'orography'.
  warnings.warn(msg.format(factory=factory_name))
/apps/jasmin/jaspy/miniconda_envs/jaspy3.7/m3-4.9.2/envs/jaspy3.7-m3-4.9.2-r20210320/lib/python3.7/site-packages/iris/fileformats/rules.py:334: UserWarning: Unable to create instance of HybridHeightFactory. The source data contains no field(s) for 'orography'.
  warnings.warn(msg.format(factory=factory_name))
/apps/jasmin/jaspy/miniconda_envs/jaspy3.7/m3-4.9.2/envs/jaspy3.7-m3-4.9.2-r20210320/lib/python3.7/site-packages/iris/fileformats/rules.py:334: UserWarning: Unable to create instance of HybridHeightFactory. The source data contains no field(s) for 'orography'.
  warnings.warn(msg.format(factory=factory_name))
/apps/jasmin/jaspy/miniconda_envs/jaspy3.7/m3-4.9.2/envs/jaspy3.7-m3-4.9.2-r20210320/lib/python3.7/site-packages/iris/fileformats/rules.py:334: UserWarning: Unable to create instance of HybridHeightFactory. The source data contains no field(s) for 'orography'.
  warnings.warn(msg.format(factory=factory_name))
/apps/jasmin/jaspy/miniconda_envs/jaspy3.7/m3-4.9.2/envs/jaspy3.7-m3-4.9.2-r20210320/lib/python3.7/site-packages/iris/fileformats/rules.py:334: UserWarning: Unable to create instance of HybridHeightFactory. The source data contains no field(s) for 'orography'.
  warnings.warn(msg.format(factory=factory_name))
/apps/jasmin/jaspy/miniconda_envs/jaspy3.7/m3-4.9.2/envs/jaspy3.7-m3-4.9.2-r20210320/lib/python3.7/site-packages/iris/fileformats/rules.py:334: UserWarning: Unable to create instance of HybridHeightFactory. The source data contains no field(s) for 'orography'.
  warnings.warn(msg.format(factory=factory_name))
/apps/jasmin/jaspy/miniconda_envs/jaspy3.7/m3-4.9.2/envs/jaspy3.7-m3-4.9.2-r20210320/lib/python3.7/site-packages/iris/fileformats/rules.py:334: UserWarning: Unable to create instance of HybridHeightFactory. The source data contains no field(s) for 'orography'.
  warnings.warn(msg.format(factory=factory_name))
/apps/jasmin/jaspy/miniconda_envs/jaspy3.7/m3-4.9.2/envs/jaspy3.7-m3-4.9.2-r20210320/lib/python3.7/site-packages/iris/fileformats/rules.py:334: UserWarning: Unable to create instance of HybridHeightFactory. The source data contains no field(s) for 'orography'.
  warnings.warn(msg.format(factory=factory_name))
/apps/jasmin/jaspy/miniconda_envs/jaspy3.7/m3-4.9.2/envs/jaspy3.7-m3-4.9.2-r20210320/lib/python3.7/site-packages/iris/fileformats/rules.py:334: UserWarning: Unable to create instance of HybridHeightFactory. The source data contains no field(s) for 'orography'.
  warnings.warn(msg.format(factory=factory_name))
/apps/jasmin/jaspy/miniconda_envs/jaspy3.7/m3-4.9.2/envs/jaspy3.7-m3-4.9.2-r20210320/lib/python3.7/site-packages/iris/fileformats/rules.py:334: UserWarning: Unable to create instance of HybridHeightFactory. The source data contains no field(s) for 'orography'.
  warnings.warn(msg.format(factory=factory_name))
/apps/jasmin/jaspy/miniconda_envs/jaspy3.7/m3-4.9.2/envs/jaspy3.7-m3-4.9.2-r20210320/lib/python3.7/site-packages/iris/fileformats/rules.py:334: UserWarning: Unable to create instance of HybridHeightFactory. The source data contains no field(s) for 'orography'.
  warnings.warn(msg.format(factory=factory_name))
/apps/jasmin/jaspy/miniconda_envs/jaspy3.7/m3-4.9.2/envs/jaspy3.7-m3-4.9.2-r20210320/lib/python3.7/site-packages/iris/fileformats/rules.py:334: UserWarning: Unable to create instance of HybridHeightFactory. The source data contains no field(s) for 'orography'.
  warnings.warn(msg.format(factory=factory_name))
/apps/jasmin/jaspy/miniconda_envs/jaspy3.7/m3-4.9.2/envs/jaspy3.7-m3-4.9.2-r20210320/lib/python3.7/site-packages/iris/fileformats/rules.py:334: UserWarning: Unable to create instance of HybridHeightFactory. The source data contains no field(s) for 'orography'.
  warnings.warn(msg.format(factory=factory_name))
/apps/jasmin/jaspy/miniconda_envs/jaspy3.7/m3-4.9.2/envs/jaspy3.7-m3-4.9.2-r20210320/lib/python3.7/site-packages/iris/fileformats/rules.py:334: UserWarning: Unable to create instance of HybridHeightFactory. The source data contains no field(s) for 'orography'.
  warnings.warn(msg.format(factory=factory_name))
/apps/jasmin/jaspy/miniconda_envs/jaspy3.7/m3-4.9.2/envs/jaspy3.7-m3-4.9.2-r20210320/lib/python3.7/site-packages/iris/fileformats/rules.py:334: UserWarning: Unable to create instance of HybridHeightFactory. The source data contains no field(s) for 'orography'.
  warnings.warn(msg.format(factory=factory_name))
/apps/jasmin/jaspy/miniconda_envs/jaspy3.7/m3-4.9.2/envs/jaspy3.7-m3-4.9.2-r20210320/lib/python3.7/site-packages/iris/fileformats/rules.py:334: UserWarning: Unable to create instance of HybridHeightFactory. The source data contains no field(s) for 'orography'.
  warnings.warn(msg.format(factory=factory_name))
/apps/jasmin/jaspy/miniconda_envs/jaspy3.7/m3-4.9.2/envs/jaspy3.7-m3-4.9.2-r20210320/lib/python3.7/site-packages/iris/fileformats/rules.py:334: UserWarning: Unable to create instance of HybridHeightFactory. The source data contains no field(s) for 'orography'.
  warnings.warn(msg.format(factory=factory_name))
/apps/jasmin/jaspy/miniconda_envs/jaspy3.7/m3-4.9.2/envs/jaspy3.7-m3-4.9.2-r20210320/lib/python3.7/site-packages/iris/fileformats/rules.py:334: UserWarning: Unable to create instance of HybridHeightFactory. The source data contains no field(s) for 'orography'.
  warnings.warn(msg.format(factory=factory_name))
/apps/jasmin/jaspy/miniconda_envs/jaspy3.7/m3-4.9.2/envs/jaspy3.7-m3-4.9.2-r20210320/lib/python3.7/site-packages/iris/fileformats/rules.py:334: UserWarning: Unable to create instance of HybridHeightFactory. The source data contains no field(s) for 'orography'.
  warnings.warn(msg.format(factory=factory_name))
/apps/jasmin/jaspy/miniconda_envs/jaspy3.7/m3-4.9.2/envs/jaspy3.7-m3-4.9.2-r20210320/lib/python3.7/site-packages/iris/fileformats/rules.py:334: UserWarning: Unable to create instance of HybridHeightFactory. The source data contains no field(s) for 'orography'.
  warnings.warn(msg.format(factory=factory_name))
/apps/jasmin/jaspy/miniconda_envs/jaspy3.7/m3-4.9.2/envs/jaspy3.7-m3-4.9.2-r20210320/lib/python3.7/site-packages/iris/fileformats/rules.py:334: UserWarning: Unable to create instance of HybridHeightFactory. The source data contains no field(s) for 'orography'.
  warnings.warn(msg.format(factory=factory_name))
/apps/jasmin/jaspy/miniconda_envs/jaspy3.7/m3-4.9.2/envs/jaspy3.7-m3-4.9.2-r20210320/lib/python3.7/site-packages/iris/fileformats/rules.py:334: UserWarning: Unable to create instance of HybridHeightFactory. The source data contains no field(s) for 'orography'.
  warnings.warn(msg.format(factory=factory_name))
/apps/jasmin/jaspy/miniconda_envs/jaspy3.7/m3-4.9.2/envs/jaspy3.7-m3-4.9.2-r20210320/lib/python3.7/site-packages/iris/fileformats/rules.py:334: UserWarning: Unable to create instance of HybridHeightFactory. The source data contains no field(s) for 'orography'.
  warnings.warn(msg.format(factory=factory_name))
/apps/jasmin/jaspy/miniconda_envs/jaspy3.7/m3-4.9.2/envs/jaspy3.7-m3-4.9.2-r20210320/lib/python3.7/site-packages/iris/fileformats/rules.py:334: UserWarning: Unable to create instance of HybridHeightFactory. The source data contains no field(s) for 'orography'.
  warnings.warn(msg.format(factory=factory_name))
/apps/jasmin/jaspy/miniconda_envs/jaspy3.7/m3-4.9.2/envs/jaspy3.7-m3-4.9.2-r20210320/lib/python3.7/site-packages/iris/fileformats/rules.py:334: UserWarning: Unable to create instance of HybridHeightFactory. The source data contains no field(s) for 'orography'.
  warnings.warn(msg.format(factory=factory_name))
/apps/jasmin/jaspy/miniconda_envs/jaspy3.7/m3-4.9.2/envs/jaspy3.7-m3-4.9.2-r20210320/lib/python3.7/site-packages/iris/fileformats/rules.py:334: UserWarning: Unable to create instance of HybridHeightFactory. The source data contains no field(s) for 'orography'.
  warnings.warn(msg.format(factory=factory_name))
/apps/jasmin/jaspy/miniconda_envs/jaspy3.7/m3-4.9.2/envs/jaspy3.7-m3-4.9.2-r20210320/lib/python3.7/site-packages/iris/fileformats/rules.py:334: UserWarning: Unable to create instance of HybridHeightFactory. The source data contains no field(s) for 'orography'.
  warnings.warn(msg.format(factory=factory_name))
/apps/jasmin/jaspy/miniconda_envs/jaspy3.7/m3-4.9.2/envs/jaspy3.7-m3-4.9.2-r20210320/lib/python3.7/site-packages/iris/fileformats/rules.py:334: UserWarning: Unable to create instance of HybridHeightFactory. The source data contains no field(s) for 'orography'.
  warnings.warn(msg.format(factory=factory_name))
/apps/jasmin/jaspy/miniconda_envs/jaspy3.7/m3-4.9.2/envs/jaspy3.7-m3-4.9.2-r20210320/lib/python3.7/site-packages/iris/fileformats/rules.py:334: UserWarning: Unable to create instance of HybridHeightFactory. The source data contains no field(s) for 'orography'.
  warnings.warn(msg.format(factory=factory_name))
/apps/jasmin/jaspy/miniconda_envs/jaspy3.7/m3-4.9.2/envs/jaspy3.7-m3-4.9.2-r20210320/lib/python3.7/site-packages/iris/fileformats/rules.py:334: UserWarning: Unable to create instance of HybridHeightFactory. The source data contains no field(s) for 'orography'.
  warnings.warn(msg.format(factory=factory_name))
/apps/jasmin/jaspy/miniconda_envs/jaspy3.7/m3-4.9.2/envs/jaspy3.7-m3-4.9.2-r20210320/lib/python3.7/site-packages/iris/fileformats/rules.py:334: UserWarning: Unable to create instance of HybridHeightFactory. The source data contains no field(s) for 'orography'.
  warnings.warn(msg.format(factory=factory_name))
/apps/jasmin/jaspy/miniconda_envs/jaspy3.7/m3-4.9.2/envs/jaspy3.7-m3-4.9.2-r20210320/lib/python3.7/site-packages/iris/fileformats/rules.py:334: UserWarning: Unable to create instance of HybridHeightFactory. The source data contains no field(s) for 'orography'.
  warnings.warn(msg.format(factory=factory_name))
/apps/jasmin/jaspy/miniconda_envs/jaspy3.7/m3-4.9.2/envs/jaspy3.7-m3-4.9.2-r20210320/lib/python3.7/site-packages/iris/fileformats/rules.py:334: UserWarning: Unable to create instance of HybridHeightFactory. The source data contains no field(s) for 'orography'.
  warnings.warn(msg.format(factory=factory_name))
/apps/jasmin/jaspy/miniconda_envs/jaspy3.7/m3-4.9.2/envs/jaspy3.7-m3-4.9.2-r20210320/lib/python3.7/site-packages/iris/fileformats/rules.py:334: UserWarning: Unable to create instance of HybridHeightFactory. The source data contains no field(s) for 'orography'.
  warnings.warn(msg.format(factory=factory_name))
/apps/jasmin/jaspy/miniconda_envs/jaspy3.7/m3-4.9.2/envs/jaspy3.7-m3-4.9.2-r20210320/lib/python3.7/site-packages/iris/fileformats/rules.py:334: UserWarning: Unable to create instance of HybridHeightFactory. The source data contains no field(s) for 'orography'.
  warnings.warn(msg.format(factory=factory_name))
/apps/jasmin/jaspy/miniconda_envs/jaspy3.7/m3-4.9.2/envs/jaspy3.7-m3-4.9.2-r20210320/lib/python3.7/site-packages/iris/fileformats/rules.py:334: UserWarning: Unable to create instance of HybridHeightFactory. The source data contains no field(s) for 'orography'.
  warnings.warn(msg.format(factory=factory_name))
/apps/jasmin/jaspy/miniconda_envs/jaspy3.7/m3-4.9.2/envs/jaspy3.7-m3-4.9.2-r20210320/lib/python3.7/site-packages/iris/fileformats/rules.py:334: UserWarning: Unable to create instance of HybridHeightFactory. The source data contains no field(s) for 'orography'.
  warnings.warn(msg.format(factory=factory_name))
/apps/jasmin/jaspy/miniconda_envs/jaspy3.7/m3-4.9.2/envs/jaspy3.7-m3-4.9.2-r20210320/lib/python3.7/site-packages/iris/fileformats/rules.py:334: UserWarning: Unable to create instance of HybridHeightFactory. The source data contains no field(s) for 'orography'.
  warnings.warn(msg.format(factory=factory_name))
/apps/jasmin/jaspy/miniconda_envs/jaspy3.7/m3-4.9.2/envs/jaspy3.7-m3-4.9.2-r20210320/lib/python3.7/site-packages/iris/fileformats/rules.py:334: UserWarning: Unable to create instance of HybridHeightFactory. The source data contains no field(s) for 'orography'.
  warnings.warn(msg.format(factory=factory_name))
/apps/jasmin/jaspy/miniconda_envs/jaspy3.7/m3-4.9.2/envs/jaspy3.7-m3-4.9.2-r20210320/lib/python3.7/site-packages/iris/fileformats/rules.py:334: UserWarning: Unable to create instance of HybridHeightFactory. The source data contains no field(s) for 'orography'.
  warnings.warn(msg.format(factory=factory_name))
/apps/jasmin/jaspy/miniconda_envs/jaspy3.7/m3-4.9.2/envs/jaspy3.7-m3-4.9.2-r20210320/lib/python3.7/site-packages/iris/fileformats/rules.py:334: UserWarning: Unable to create instance of HybridHeightFactory. The source data contains no field(s) for 'orography'.
  warnings.warn(msg.format(factory=factory_name))
/apps/jasmin/jaspy/miniconda_envs/jaspy3.7/m3-4.9.2/envs/jaspy3.7-m3-4.9.2-r20210320/lib/python3.7/site-packages/iris/fileformats/rules.py:334: UserWarning: Unable to create instance of HybridHeightFactory. The source data contains no field(s) for 'orography'.
  warnings.warn(msg.format(factory=factory_name))
/apps/jasmin/jaspy/miniconda_envs/jaspy3.7/m3-4.9.2/envs/jaspy3.7-m3-4.9.2-r20210320/lib/python3.7/site-packages/iris/fileformats/rules.py:334: UserWarning: Unable to create instance of HybridHeightFactory. The source data contains no field(s) for 'orography'.
  warnings.warn(msg.format(factory=factory_name))
/apps/jasmin/jaspy/miniconda_envs/jaspy3.7/m3-4.9.2/envs/jaspy3.7-m3-4.9.2-r20210320/lib/python3.7/site-packages/iris/fileformats/rules.py:334: UserWarning: Unable to create instance of HybridHeightFactory. The source data contains no field(s) for 'orography'.
  warnings.warn(msg.format(factory=factory_name))
/apps/jasmin/jaspy/miniconda_envs/jaspy3.7/m3-4.9.2/envs/jaspy3.7-m3-4.9.2-r20210320/lib/python3.7/site-packages/iris/fileformats/rules.py:334: UserWarning: Unable to create instance of HybridHeightFactory. The source data contains no field(s) for 'orography'.
  warnings.warn(msg.format(factory=factory_name))
/apps/jasmin/jaspy/miniconda_envs/jaspy3.7/m3-4.9.2/envs/jaspy3.7-m3-4.9.2-r20210320/lib/python3.7/site-packages/iris/fileformats/rules.py:334: UserWarning: Unable to create instance of HybridHeightFactory. The source data contains no field(s) for 'orography'.
  warnings.warn(msg.format(factory=factory_name))
/apps/jasmin/jaspy/miniconda_envs/jaspy3.7/m3-4.9.2/envs/jaspy3.7-m3-4.9.2-r20210320/lib/python3.7/site-packages/iris/fileformats/rules.py:334: UserWarning: Unable to create instance of HybridHeightFactory. The source data contains no field(s) for 'orography'.
  warnings.warn(msg.format(factory=factory_name))
/apps/jasmin/jaspy/miniconda_envs/jaspy3.7/m3-4.9.2/envs/jaspy3.7-m3-4.9.2-r20210320/lib/python3.7/site-packages/iris/fileformats/rules.py:334: UserWarning: Unable to create instance of HybridHeightFactory. The source data contains no field(s) for 'orography'.
  warnings.warn(msg.format(factory=factory_name))
/apps/jasmin/jaspy/miniconda_envs/jaspy3.7/m3-4.9.2/envs/jaspy3.7-m3-4.9.2-r20210320/lib/python3.7/site-packages/iris/fileformats/rules.py:334: UserWarning: Unable to create instance of HybridHeightFactory. The source data contains no field(s) for 'orography'.
  warnings.warn(msg.format(factory=factory_name))
/apps/jasmin/jaspy/miniconda_envs/jaspy3.7/m3-4.9.2/envs/jaspy3.7-m3-4.9.2-r20210320/lib/python3.7/site-packages/iris/fileformats/rules.py:334: UserWarning: Unable to create instance of HybridHeightFactory. The source data contains no field(s) for 'orography'.
  warnings.warn(msg.format(factory=factory_name))
/apps/jasmin/jaspy/miniconda_envs/jaspy3.7/m3-4.9.2/envs/jaspy3.7-m3-4.9.2-r20210320/lib/python3.7/site-packages/iris/fileformats/rules.py:334: UserWarning: Unable to create instance of HybridHeightFactory. The source data contains no field(s) for 'orography'.
  warnings.warn(msg.format(factory=factory_name))
/apps/jasmin/jaspy/miniconda_envs/jaspy3.7/m3-4.9.2/envs/jaspy3.7-m3-4.9.2-r20210320/lib/python3.7/site-packages/iris/fileformats/rules.py:334: UserWarning: Unable to create instance of HybridHeightFactory. The source data contains no field(s) for 'orography'.
  warnings.warn(msg.format(factory=factory_name))
/apps/jasmin/jaspy/miniconda_envs/jaspy3.7/m3-4.9.2/envs/jaspy3.7-m3-4.9.2-r20210320/lib/python3.7/site-packages/iris/fileformats/rules.py:334: UserWarning: Unable to create instance of HybridHeightFactory. The source data contains no field(s) for 'orography'.
  warnings.warn(msg.format(factory=factory_name))
/apps/jasmin/jaspy/miniconda_envs/jaspy3.7/m3-4.9.2/envs/jaspy3.7-m3-4.9.2-r20210320/lib/python3.7/site-packages/iris/fileformats/rules.py:334: UserWarning: Unable to create instance of HybridHeightFactory. The source data contains no field(s) for 'orography'.
  warnings.warn(msg.format(factory=factory_name))
cfad_plot.py:63: MatplotlibDeprecationWarning: shading='flat' when X and Y have the same dimensions as C is deprecated since 3.3.  Either specify the corners of the quadrilaterals with X and Y, or pass shading='auto', 'nearest' or 'gouraud', or set rcParams['pcolor.shading'].  This will become an error two minor releases later.
  plt.pcolormesh(time.points,y, array.T)
height level 1 of 70
height level 2 of 70
height level 3 of 70
height level 4 of 70
height level 5 of 70
height level 6 of 70
height level 7 of 70
height level 8 of 70
height level 9 of 70
height level 10 of 70
height level 11 of 70
height level 12 of 70
height level 13 of 70
height level 14 of 70
height level 15 of 70
height level 16 of 70
height level 17 of 70
height level 18 of 70
height level 19 of 70
height level 20 of 70
height level 21 of 70
height level 22 of 70
height level 23 of 70
height level 24 of 70
height level 25 of 70
height level 26 of 70
height level 27 of 70
height level 28 of 70
height level 29 of 70
height level 30 of 70
height level 31 of 70
height level 32 of 70
height level 33 of 70
height level 34 of 70
height level 35 of 70
height level 36 of 70
height level 37 of 70
height level 38 of 70
height level 39 of 70
height level 40 of 70
height level 41 of 70
height level 42 of 70
height level 43 of 70
height level 44 of 70
height level 45 of 70
height level 46 of 70
height level 47 of 70
height level 48 of 70
height level 49 of 70
height level 50 of 70
height level 51 of 70
height level 52 of 70
height level 53 of 70
height level 54 of 70
height level 55 of 70
height level 56 of 70
height level 57 of 70
height level 58 of 70
height level 59 of 70
height level 60 of 70
height level 61 of 70
height level 62 of 70
height level 63 of 70
height level 64 of 70
height level 65 of 70
height level 66 of 70
height level 67 of 70
height level 68 of 70
height level 69 of 70
height level 70 of 70
